<?xml version="1.0" encoding="UTF-8"?>
<testsuite name="org.example.ClientTest" tests="1" skipped="0" failures="0" errors="0" timestamp="2024-03-25T18:39:31" hostname="pcs5-MS-7D42" time="0.007">
  <properties/>
  <testcase name="shouldAllowToAddManyAddresses()" classname="org.example.ClientTest" time="0.007"/>
  <system-out><![CDATA[]]></system-out>
  <system-err><![CDATA[]]></system-err>
</testsuite>
