<?xml version="1.0" encoding="UTF-8"?>
<testsuite name="FootballTeamTest" tests="10" skipped="0" failures="0" errors="0" timestamp="2024-05-01T23:01:57" hostname="DESKTOP-EB40118" time="0.268">
  <properties/>
  <testcase name="teamsWithLessMatchesShouldBeLesser()" classname="FootballTeamTest" time="0.117"/>
  <testcase name="[1] -1" classname="FootballTeamTest" time="0.038"/>
  <testcase name="[2] -10" classname="FootballTeamTest" time="0.002"/>
  <testcase name="teamsWithSameMatchesShouldBeEqual()" classname="FootballTeamTest" time="0.002"/>
  <testcase name="shouldBePossibleToCompareTeams()" classname="FootballTeamTest" time="0.007"/>
  <testcase name="teamsWithMoreMatchesShouldBeGreater()" classname="FootballTeamTest" time="0.007"/>
  <testcase name="[1] 0" classname="FootballTeamTest" time="0.004"/>
  <testcase name="[2] 1" classname="FootballTeamTest" time="0.001"/>
  <testcase name="[3] 3" classname="FootballTeamTest" time="0.001"/>
  <testcase name="[4] 10" classname="FootballTeamTest" time="0.0"/>
  <system-out><![CDATA[]]></system-out>
  <system-err><![CDATA[]]></system-err>
</testsuite>
